2025-09-01 13:52:03 - Use pytorch device_name: cuda:0
2025-09-01 13:52:03 - Load pretrained SparseEncoder: opensearch-project/opensearch-neural-sparse-encoding-doc-v1
Corpus encoding time: 0.3561 seconds
Query encoding time: 0.2120 seconds
2025-09-01 13:52:05 - For evaluation, we ignore identical query and document ids (default), please explicitly set ``ignore_identical_ids=False`` to ignore this.
2025-09-01 13:52:05 - 

2025-09-01 13:52:05 - NDCG@2: 0.9125
2025-09-01 13:52:05 - NDCG@10: 0.9516
2025-09-01 13:52:05 - NDCG@20: 0.9544
2025-09-01 13:52:05 - NDCG@100: 0.9575
2025-09-01 13:52:05 - 

2025-09-01 13:52:05 - MAP@2: 0.8958
2025-09-01 13:52:05 - MAP@10: 0.9318
2025-09-01 13:52:05 - MAP@20: 0.9329
2025-09-01 13:52:05 - MAP@100: 0.9336
2025-09-01 13:52:05 - 

2025-09-01 13:52:05 - Recall@2: 0.9065
2025-09-01 13:52:05 - Recall@10: 0.9780
2025-09-01 13:52:05 - Recall@20: 0.9875
2025-09-01 13:52:05 - Recall@100: 1.0000
2025-09-01 13:52:05 - 

2025-09-01 13:52:05 - P@2: 0.9065
2025-09-01 13:52:05 - P@10: 0.1956
2025-09-01 13:52:05 - P@20: 0.0988
2025-09-01 13:52:05 - P@100: 0.0200
NDCG@10: 0.9516
Recall@2: 0.9065
Recall@10: 0.9780
Recall@20: 0.9875
Recall@100: 1.0000
