2025-09-01 13:52:18 - Use pytorch device_name: cuda:0
2025-09-01 13:52:18 - Load pretrained SparseEncoder: opensearch-project/opensearch-neural-sparse-encoding-doc-v3-distill
Corpus encoding time: 0.2797 seconds
Query encoding time: 0.2145 seconds
2025-09-01 13:52:20 - For evaluation, we ignore identical query and document ids (default), please explicitly set ``ignore_identical_ids=False`` to ignore this.
2025-09-01 13:52:20 - 

2025-09-01 13:52:20 - NDCG@2: 0.8506
2025-09-01 13:52:20 - NDCG@10: 0.9191
2025-09-01 13:52:20 - NDCG@20: 0.9232
2025-09-01 13:52:20 - NDCG@100: 0.9272
2025-09-01 13:52:20 - 

2025-09-01 13:52:20 - MAP@2: 0.8275
2025-09-01 13:52:20 - MAP@10: 0.8877
2025-09-01 13:52:20 - MAP@20: 0.8892
2025-09-01 13:52:20 - MAP@100: 0.8902
2025-09-01 13:52:20 - 

2025-09-01 13:52:20 - Recall@2: 0.8420
2025-09-01 13:52:20 - Recall@10: 0.9705
2025-09-01 13:52:20 - Recall@20: 0.9835
2025-09-01 13:52:20 - Recall@100: 1.0000
2025-09-01 13:52:20 - 

2025-09-01 13:52:20 - P@2: 0.8420
2025-09-01 13:52:20 - P@10: 0.1941
2025-09-01 13:52:20 - P@20: 0.0984
2025-09-01 13:52:20 - P@100: 0.0200
NDCG@10: 0.9191
Recall@2: 0.8420
Recall@10: 0.9705
Recall@20: 0.9835
Recall@100: 1.0000
