2025-09-01 13:57:10 - Use pytorch device_name: cuda:0
2025-09-01 13:57:10 - Load pretrained SparseEncoder: opensearch-project/opensearch-neural-sparse-encoding-doc-v3-distill
Corpus encoding time: 91.2584 seconds
Query encoding time: 0.1912 seconds
2025-09-01 13:58:55 - For evaluation, we ignore identical query and document ids (default), please explicitly set ``ignore_identical_ids=False`` to ignore this.
2025-09-01 13:58:55 - 

2025-09-01 13:58:55 - NDCG@2: 0.2812
2025-09-01 13:58:55 - NDCG@10: 0.3774
2025-09-01 13:58:55 - NDCG@20: 0.4042
2025-09-01 13:58:55 - NDCG@100: 0.4423
2025-09-01 13:58:55 - 

2025-09-01 13:58:55 - MAP@2: 0.2547
2025-09-01 13:58:55 - MAP@10: 0.3170
2025-09-01 13:58:55 - MAP@20: 0.3265
2025-09-01 13:58:55 - MAP@100: 0.3333
2025-09-01 13:58:55 - 

2025-09-01 13:58:55 - Recall@2: 0.2760
2025-09-01 13:58:55 - Recall@10: 0.4750
2025-09-01 13:58:55 - Recall@20: 0.5610
2025-09-01 13:58:55 - Recall@100: 0.7270
2025-09-01 13:58:55 - 

2025-09-01 13:58:55 - P@2: 0.2760
2025-09-01 13:58:55 - P@10: 0.0950
2025-09-01 13:58:55 - P@20: 0.0561
2025-09-01 13:58:55 - P@100: 0.0145
NDCG@10: 0.3774
Recall@2: 0.2760
Recall@10: 0.4750
Recall@20: 0.5610
Recall@100: 0.7270
