2025-09-01 13:52:26 - Use pytorch device_name: cuda:0
2025-09-01 13:52:26 - Load pretrained SparseEncoder: opensearch-project/opensearch-neural-sparse-encoding-doc-v3-gte
Corpus encoding time: 0.3596 seconds
Query encoding time: 0.2017 seconds
2025-09-01 13:52:28 - For evaluation, we ignore identical query and document ids (default), please explicitly set ``ignore_identical_ids=False`` to ignore this.
2025-09-01 13:52:28 - 

2025-09-01 13:52:28 - NDCG@2: 0.9252
2025-09-01 13:52:28 - NDCG@10: 0.9591
2025-09-01 13:52:28 - NDCG@20: 0.9611
2025-09-01 13:52:28 - NDCG@100: 0.9630
2025-09-01 13:52:28 - 

2025-09-01 13:52:28 - MAP@2: 0.9133
2025-09-01 13:52:28 - MAP@10: 0.9437
2025-09-01 13:52:28 - MAP@20: 0.9445
2025-09-01 13:52:28 - MAP@100: 0.9449
2025-09-01 13:52:28 - 

2025-09-01 13:52:28 - Recall@2: 0.9235
2025-09-01 13:52:28 - Recall@10: 0.9855
2025-09-01 13:52:28 - Recall@20: 0.9920
2025-09-01 13:52:28 - Recall@100: 1.0000
2025-09-01 13:52:28 - 

2025-09-01 13:52:28 - P@2: 0.9235
2025-09-01 13:52:28 - P@10: 0.1971
2025-09-01 13:52:28 - P@20: 0.0992
2025-09-01 13:52:28 - P@100: 0.0200
NDCG@10: 0.9591
Recall@2: 0.9235
Recall@10: 0.9855
Recall@20: 0.9920
Recall@100: 1.0000
